<html>
<body>
<pre>
<h1>µVision Build Log</h1>
<h2>Tool Versions:</h2>
IDE-Version: ¦ÌVision V5.41.0.0
Copyright (C) 2024 ARM Ltd and ARM Germany GmbH. All rights reserved.
License Information: rain rain, rain, LIC=76F5U-SEA1W-56TQ2-9IZVZ-VDYAD-8RKKW
 
Tool Versions:
Toolchain:       MDK-ARM Plus  Version: 5.41.0.0
Toolchain Path:  C:\Users\rain\AppData\Local\Keil_v5\ARM\ARMCLANG\Bin
C Compiler:      ArmClang.exe V6.22
Assembler:       Armasm.exe V6.22
Linker/Locator:  ArmLink.exe V6.22
Library Manager: ArmAr.exe V6.22
Hex Converter:   FromElf.exe V6.22
CPU DLL:         SARMCM3.DLL V5.41.0.0
Dialog DLL:      DARMCM1.DLL V1.19.6.0
Target DLL:      CMSIS_AGDI.dll V1.33.21.0
Dialog DLL:      TARMCM1.DLL V1.14.6.0
 
<h2>Project:</h2>
C:\Users\rain\Desktop\ycbsq2\templat\Template_HK32F0xx\MDK-ARM\ycbsq2.uvprojx
Project File Date:  12/18/2025

<h2>Output:</h2>
*** Using Compiler 'V6.22', folder: 'C:\Users\rain\AppData\Local\Keil_v5\ARM\ARMCLANG\Bin'
Build target 'Target_1'
User/Bsp/bsp_buzzer.cpp(5): error: use of undeclared identifier 'RCC_AHBPeriph_GPIOA'
    5 |     RCC_AHBPeriphClockCmd(RCC_AHBPeriph_GPIOA, ENABLE);
      |                           ^
User/Bsp/bsp_buzzer.cpp(5): error: use of undeclared identifier 'ENABLE'
    5 |     RCC_AHBPeriphClockCmd(RCC_AHBPeriph_GPIOA, ENABLE);
      |                                                ^
User/Bsp/bsp_buzzer.cpp(7): error: unknown type name 'GPIO_InitTypeDef'
    7 |     GPIO_InitTypeDef         GPIO_InitStructure;
      |     ^
User/Bsp/bsp_buzzer.cpp(8): error: use of undeclared identifier 'GPIO_Pin_6'
    8 |     GPIO_InitStructure.GPIO_Pin = GPIO_Pin_6 ;
      |                                   ^
User/Bsp/bsp_buzzer.cpp(9): error: use of undeclared identifier 'GPIO_Mode_OUT'
    9 |     GPIO_InitStructure.GPIO_Mode = GPIO_Mode_OUT;
      |                                    ^
User/Bsp/bsp_buzzer.cpp(10): error: use of undeclared identifier 'GPIO_PuPd_UP'
   10 |     GPIO_InitStructure.GPIO_PuPd = GPIO_PuPd_UP ;
      |                                    ^
User/Bsp/bsp_buzzer.cpp(11): error: use of undeclared identifier 'GPIOA'
   11 |     GPIO_Init(GPIOA, &GPIO_InitStructure);
      |               ^
7 errors generated.
compiling bsp_buzzer.cpp...
User/Application/periph_control.cpp(2): warning: In file included from...
../Core/Inc\main.h(27): warning: In file included from...
../Drivers/CMSIS/HK32F0xxA/Include\hk32f04axxA.h(74): warning: In file included from...
../Drivers/CMSIS/CM0/Core\core_cm0.h(128): warning: In file included from...
../Drivers/CMSIS/CM0/Core\core_cmFunc.h(426): warning: 'register' storage class specifier is deprecated and incompatible with C++17 [-Wdeprecated-register]
  426 |   register uint32_t result;
      |   ^~~~~~~~
../Drivers/CMSIS/CM0/Core\core_cmFunc.h(453): warning: 'register' storage class specifier is deprecated and incompatible with C++17 [-Wdeprecated-register]
  453 |   register uint32_t result;
      |   ^~~~~~~~
User/Application/periph_control.cpp(3): warning: In file included from...
./User/Bsp\bsp_can.hpp(3): warning: In file included from...
./User/System\variables.hpp(24): warning: In file included from...
./User/Bsp\bsp_usart.hpp(3): error: 'usart.h' file not found
    3 | #include "usart.h"
      |          ^~~~~~~~~
2 warnings and 1 error generated.
compiling periph_control.cpp...
User/Application/batVolt.cpp(1): warning: In file included from...
User/Application\batVolt.hpp(2): warning: In file included from...
./User/System\variables.hpp(2): warning: In file included from...
../Drivers/CMSIS/HK32F0xxA/Include\hk32f04axxA.h(74): warning: In file included from...
../Drivers/CMSIS/CM0/Core\core_cm0.h(128): warning: In file included from...
../Drivers/CMSIS/CM0/Core\core_cmFunc.h(426): warning: 'register' storage class specifier is deprecated and incompatible with C++17 [-Wdeprecated-register]
  426 |   register uint32_t result;
      |   ^~~~~~~~
../Drivers/CMSIS/CM0/Core\core_cmFunc.h(453): warning: 'register' storage class specifier is deprecated and incompatible with C++17 [-Wdeprecated-register]
  453 |   register uint32_t result;
      |   ^~~~~~~~
User/Application/batVolt.cpp(1): warning: In file included from...
User/Application\batVolt.hpp(2): warning: In file included from...
./User/System\variables.hpp(24): warning: In file included from...
./User/Bsp\bsp_usart.hpp(3): error: 'usart.h' file not found
    3 | #include "usart.h"
      |          ^~~~~~~~~
2 warnings and 1 error generated.
compiling batVolt.cpp...
User/Application/handler.cpp(2): warning: In file included from...
./User/System\variables.hpp(2): warning: In file included from...
../Drivers/CMSIS/HK32F0xxA/Include\hk32f04axxA.h(74): warning: In file included from...
../Drivers/CMSIS/CM0/Core\core_cm0.h(128): warning: In file included from...
../Drivers/CMSIS/CM0/Core\core_cmFunc.h(426): warning: 'register' storage class specifier is deprecated and incompatible with C++17 [-Wdeprecated-register]
  426 |   register uint32_t result;
      |   ^~~~~~~~
../Drivers/CMSIS/CM0/Core\core_cmFunc.h(453): warning: 'register' storage class specifier is deprecated and incompatible with C++17 [-Wdeprecated-register]
  453 |   register uint32_t result;
      |   ^~~~~~~~
User/Application/handler.cpp(2): warning: In file included from...
./User/System\variables.hpp(24): warning: In file included from...
./User/Bsp\bsp_usart.hpp(3): error: 'usart.h' file not found
    3 | #include "usart.h"
      |          ^~~~~~~~~
2 warnings and 1 error generated.
compiling handler.cpp...
User/Application/low_power.cpp(2): warning: In file included from...
./User/System\variables.hpp(2): warning: In file included from...
../Drivers/CMSIS/HK32F0xxA/Include\hk32f04axxA.h(74): warning: In file included from...
../Drivers/CMSIS/CM0/Core\core_cm0.h(128): warning: In file included from...
../Drivers/CMSIS/CM0/Core\core_cmFunc.h(426): warning: 'register' storage class specifier is deprecated and incompatible with C++17 [-Wdeprecated-register]
  426 |   register uint32_t result;
      |   ^~~~~~~~
../Drivers/CMSIS/CM0/Core\core_cmFunc.h(453): warning: 'register' storage class specifier is deprecated and incompatible with C++17 [-Wdeprecated-register]
  453 |   register uint32_t result;
      |   ^~~~~~~~
User/Application/low_power.cpp(2): warning: In file included from...
./User/System\variables.hpp(24): warning: In file included from...
./User/Bsp\bsp_usart.hpp(3): error: 'usart.h' file not found
    3 | #include "usart.h"
      |          ^~~~~~~~~
2 warnings and 1 error generated.
compiling low_power.cpp...
User/Application/A7680C.cpp(12): warning: In file included from...
./User/Bsp\bsp_usart.hpp(2): warning: In file included from...
../Core/Inc\main.h(27): warning: In file included from...
../Drivers/CMSIS/HK32F0xxA/Include\hk32f04axxA.h(74): warning: In file included from...
../Drivers/CMSIS/CM0/Core\core_cm0.h(128): warning: In file included from...
../Drivers/CMSIS/CM0/Core\core_cmFunc.h(426): warning: 'register' storage class specifier is deprecated and incompatible with C++17 [-Wdeprecated-register]
  426 |   register uint32_t result;
      |   ^~~~~~~~
../Drivers/CMSIS/CM0/Core\core_cmFunc.h(453): warning: 'register' storage class specifier is deprecated and incompatible with C++17 [-Wdeprecated-register]
  453 |   register uint32_t result;
      |   ^~~~~~~~
User/Application/A7680C.cpp(12): warning: In file included from...
./User/Bsp\bsp_usart.hpp(3): error: 'usart.h' file not found
    3 | #include "usart.h"
      |          ^~~~~~~~~
2 warnings and 1 error generated.
compiling A7680C.cpp...
User/Application/rgb.cpp(2): warning: In file included from...
./User/Bsp\bsp_rgb.hpp(3): warning: In file included from...
./User/System\variables.hpp(2): warning: In file included from...
../Drivers/CMSIS/HK32F0xxA/Include\hk32f04axxA.h(74): warning: In file included from...
../Drivers/CMSIS/CM0/Core\core_cm0.h(128): warning: In file included from...
../Drivers/CMSIS/CM0/Core\core_cmFunc.h(426): warning: 'register' storage class specifier is deprecated and incompatible with C++17 [-Wdeprecated-register]
  426 |   register uint32_t result;
      |   ^~~~~~~~
../Drivers/CMSIS/CM0/Core\core_cmFunc.h(453): warning: 'register' storage class specifier is deprecated and incompatible with C++17 [-Wdeprecated-register]
  453 |   register uint32_t result;
      |   ^~~~~~~~
User/Application/rgb.cpp(2): warning: In file included from...
./User/Bsp\bsp_rgb.hpp(3): warning: In file included from...
./User/System\variables.hpp(24): warning: In file included from...
./User/Bsp\bsp_usart.hpp(3): error: 'usart.h' file not found
    3 | #include "usart.h"
      |          ^~~~~~~~~
2 warnings and 1 error generated.
compiling rgb.cpp...
User/Algorithm/algorithm.cpp(1): warning: In file included from...
User/Algorithm\algorithm.hpp(3): warning: In file included from...
./User/System\variables.hpp(2): warning: In file included from...
../Drivers/CMSIS/HK32F0xxA/Include\hk32f04axxA.h(74): warning: In file included from...
../Drivers/CMSIS/CM0/Core\core_cm0.h(128): warning: In file included from...
../Drivers/CMSIS/CM0/Core\core_cmFunc.h(426): warning: 'register' storage class specifier is deprecated and incompatible with C++17 [-Wdeprecated-register]
  426 |   register uint32_t result;
      |   ^~~~~~~~
../Drivers/CMSIS/CM0/Core\core_cmFunc.h(453): warning: 'register' storage class specifier is deprecated and incompatible with C++17 [-Wdeprecated-register]
  453 |   register uint32_t result;
      |   ^~~~~~~~
User/Algorithm/algorithm.cpp(1): warning: In file included from...
User/Algorithm\algorithm.hpp(3): warning: In file included from...
./User/System\variables.hpp(24): warning: In file included from...
./User/Bsp\bsp_usart.hpp(3): error: 'usart.h' file not found
    3 | #include "usart.h"
      |          ^~~~~~~~~
2 warnings and 1 error generated.
compiling algorithm.cpp...
User/Bsp/bsp_adc.cpp(1): warning: In file included from...
User/Bsp\bsp_adc.hpp(2): warning: In file included from...
./User/System\variables.hpp(2): warning: In file included from...
../Drivers/CMSIS/HK32F0xxA/Include\hk32f04axxA.h(74): warning: In file included from...
../Drivers/CMSIS/CM0/Core\core_cm0.h(128): warning: In file included from...
../Drivers/CMSIS/CM0/Core\core_cmFunc.h(426): warning: 'register' storage class specifier is deprecated and incompatible with C++17 [-Wdeprecated-register]
  426 |   register uint32_t result;
      |   ^~~~~~~~
../Drivers/CMSIS/CM0/Core\core_cmFunc.h(453): warning: 'register' storage class specifier is deprecated and incompatible with C++17 [-Wdeprecated-register]
  453 |   register uint32_t result;
      |   ^~~~~~~~
User/Bsp/bsp_adc.cpp(1): warning: In file included from...
User/Bsp\bsp_adc.hpp(2): warning: In file included from...
./User/System\variables.hpp(24): warning: In file included from...
./User/Bsp\bsp_usart.hpp(3): error: 'usart.h' file not found
    3 | #include "usart.h"
      |          ^~~~~~~~~
2 warnings and 1 error generated.
compiling bsp_adc.cpp...
User/Bsp/bsp_can.cpp(1): warning: In file included from...
User/Bsp\bsp_can.hpp(3): warning: In file included from...
./User/System\variables.hpp(2): warning: In file included from...
../Drivers/CMSIS/HK32F0xxA/Include\hk32f04axxA.h(74): warning: In file included from...
../Drivers/CMSIS/CM0/Core\core_cm0.h(128): warning: In file included from...
../Drivers/CMSIS/CM0/Core\core_cmFunc.h(426): warning: 'register' storage class specifier is deprecated and incompatible with C++17 [-Wdeprecated-register]
  426 |   register uint32_t result;
      |   ^~~~~~~~
../Drivers/CMSIS/CM0/Core\core_cmFunc.h(453): warning: 'register' storage class specifier is deprecated and incompatible with C++17 [-Wdeprecated-register]
  453 |   register uint32_t result;
      |   ^~~~~~~~
User/Bsp/bsp_can.cpp(1): warning: In file included from...
User/Bsp\bsp_can.hpp(3): warning: In file included from...
./User/System\variables.hpp(24): warning: In file included from...
./User/Bsp\bsp_usart.hpp(3): error: 'usart.h' file not found
    3 | #include "usart.h"
      |          ^~~~~~~~~
2 warnings and 1 error generated.
compiling bsp_can.cpp...
User/Application/bms.cpp(2): warning: In file included from...
./User/Bsp\bsp_can.hpp(3): warning: In file included from...
./User/System\variables.hpp(2): warning: In file included from...
../Drivers/CMSIS/HK32F0xxA/Include\hk32f04axxA.h(74): warning: In file included from...
../Drivers/CMSIS/CM0/Core\core_cm0.h(128): warning: In file included from...
../Drivers/CMSIS/CM0/Core\core_cmFunc.h(426): warning: 'register' storage class specifier is deprecated and incompatible with C++17 [-Wdeprecated-register]
  426 |   register uint32_t result;
      |   ^~~~~~~~
../Drivers/CMSIS/CM0/Core\core_cmFunc.h(453): warning: 'register' storage class specifier is deprecated and incompatible with C++17 [-Wdeprecated-register]
  453 |   register uint32_t result;
      |   ^~~~~~~~
User/Application/bms.cpp(2): warning: In file included from...
./User/Bsp\bsp_can.hpp(3): warning: In file included from...
./User/System\variables.hpp(24): warning: In file included from...
./User/Bsp\bsp_usart.hpp(3): error: 'usart.h' file not found
    3 | #include "usart.h"
      |          ^~~~~~~~~
2 warnings and 1 error generated.
compiling bms.cpp...
User/Bsp/bsp_key.cpp(1): warning: In file included from...
User/Bsp\bsp_key.hpp(2): warning: In file included from...
./User/System\variables.hpp(2): warning: In file included from...
../Drivers/CMSIS/HK32F0xxA/Include\hk32f04axxA.h(74): warning: In file included from...
../Drivers/CMSIS/CM0/Core\core_cm0.h(128): warning: In file included from...
../Drivers/CMSIS/CM0/Core\core_cmFunc.h(426): warning: 'register' storage class specifier is deprecated and incompatible with C++17 [-Wdeprecated-register]
  426 |   register uint32_t result;
      |   ^~~~~~~~
../Drivers/CMSIS/CM0/Core\core_cmFunc.h(453): warning: 'register' storage class specifier is deprecated and incompatible with C++17 [-Wdeprecated-register]
  453 |   register uint32_t result;
      |   ^~~~~~~~
User/Bsp/bsp_key.cpp(1): warning: In file included from...
User/Bsp\bsp_key.hpp(2): warning: In file included from...
./User/System\variables.hpp(24): warning: In file included from...
./User/Bsp\bsp_usart.hpp(3): error: 'usart.h' file not found
    3 | #include "usart.h"
      |          ^~~~~~~~~
2 warnings and 1 error generated.
compiling bsp_key.cpp...
User/Bsp/bsp_rgb.cpp(1): warning: In file included from...
User/Bsp\bsp_rgb.hpp(3): warning: In file included from...
./User/System\variables.hpp(2): warning: In file included from...
../Drivers/CMSIS/HK32F0xxA/Include\hk32f04axxA.h(74): warning: In file included from...
../Drivers/CMSIS/CM0/Core\core_cm0.h(128): warning: In file included from...
../Drivers/CMSIS/CM0/Core\core_cmFunc.h(426): warning: 'register' storage class specifier is deprecated and incompatible with C++17 [-Wdeprecated-register]
  426 |   register uint32_t result;
      |   ^~~~~~~~
../Drivers/CMSIS/CM0/Core\core_cmFunc.h(453): warning: 'register' storage class specifier is deprecated and incompatible with C++17 [-Wdeprecated-register]
  453 |   register uint32_t result;
      |   ^~~~~~~~
User/Bsp/bsp_rgb.cpp(1): warning: In file included from...
User/Bsp\bsp_rgb.hpp(3): warning: In file included from...
./User/System\variables.hpp(24): warning: In file included from...
./User/Bsp\bsp_usart.hpp(3): error: 'usart.h' file not found
    3 | #include "usart.h"
      |          ^~~~~~~~~
2 warnings and 1 error generated.
compiling bsp_rgb.cpp...
User/Bsp/bsp_rtc.cpp(2): error: 'rtc.h' file not found
    2 | #include "rtc.h"
      |          ^~~~~~~
1 error generated.
compiling bsp_rtc.cpp...
User/Bsp/bsp_usart.cpp(1): warning: In file included from...
User/Bsp\bsp_usart.hpp(2): warning: In file included from...
../Core/Inc\main.h(27): warning: In file included from...
../Drivers/CMSIS/HK32F0xxA/Include\hk32f04axxA.h(74): warning: In file included from...
../Drivers/CMSIS/CM0/Core\core_cm0.h(128): warning: In file included from...
../Drivers/CMSIS/CM0/Core\core_cmFunc.h(426): warning: 'register' storage class specifier is deprecated and incompatible with C++17 [-Wdeprecated-register]
  426 |   register uint32_t result;
      |   ^~~~~~~~
../Drivers/CMSIS/CM0/Core\core_cmFunc.h(453): warning: 'register' storage class specifier is deprecated and incompatible with C++17 [-Wdeprecated-register]
  453 |   register uint32_t result;
      |   ^~~~~~~~
User/Bsp/bsp_usart.cpp(1): warning: In file included from...
User/Bsp\bsp_usart.hpp(3): error: 'usart.h' file not found
    3 | #include "usart.h"
      |          ^~~~~~~~~
2 warnings and 1 error generated.
compiling bsp_usart.cpp...
User/System/callback.cpp(2): warning: In file included from...
User/System\variables.hpp(2): warning: In file included from...
../Drivers/CMSIS/HK32F0xxA/Include\hk32f04axxA.h(74): warning: In file included from...
../Drivers/CMSIS/CM0/Core\core_cm0.h(128): warning: In file included from...
../Drivers/CMSIS/CM0/Core\core_cmFunc.h(426): warning: 'register' storage class specifier is deprecated and incompatible with C++17 [-Wdeprecated-register]
  426 |   register uint32_t result;
      |   ^~~~~~~~
../Drivers/CMSIS/CM0/Core\core_cmFunc.h(453): warning: 'register' storage class specifier is deprecated and incompatible with C++17 [-Wdeprecated-register]
  453 |   register uint32_t result;
      |   ^~~~~~~~
User/System/callback.cpp(2): warning: In file included from...
User/System\variables.hpp(24): warning: In file included from...
./User/Bsp\bsp_usart.hpp(3): error: 'usart.h' file not found
    3 | #include "usart.h"
      |          ^~~~~~~~~
2 warnings and 1 error generated.
compiling callback.cpp...
User/System/state_machine.cpp(2): warning: In file included from...
User/System\variables.hpp(2): warning: In file included from...
../Drivers/CMSIS/HK32F0xxA/Include\hk32f04axxA.h(74): warning: In file included from...
../Drivers/CMSIS/CM0/Core\core_cm0.h(128): warning: In file included from...
../Drivers/CMSIS/CM0/Core\core_cmFunc.h(426): warning: 'register' storage class specifier is deprecated and incompatible with C++17 [-Wdeprecated-register]
  426 |   register uint32_t result;
      |   ^~~~~~~~
../Drivers/CMSIS/CM0/Core\core_cmFunc.h(453): warning: 'register' storage class specifier is deprecated and incompatible with C++17 [-Wdeprecated-register]
  453 |   register uint32_t result;
      |   ^~~~~~~~
User/System/state_machine.cpp(2): warning: In file included from...
User/System\variables.hpp(24): warning: In file included from...
./User/Bsp\bsp_usart.hpp(3): error: 'usart.h' file not found
    3 | #include "usart.h"
      |          ^~~~~~~~~
2 warnings and 1 error generated.
compiling state_machine.cpp...
User/System/System.cpp(1): warning: In file included from...
User/System\System.hpp(2): warning: In file included from...
../Drivers/CMSIS/HK32F0xxA/Include\hk32f04axxA.h(74): warning: In file included from...
../Drivers/CMSIS/CM0/Core\core_cm0.h(128): warning: In file included from...
../Drivers/CMSIS/CM0/Core\core_cmFunc.h(426): warning: 'register' storage class specifier is deprecated and incompatible with C++17 [-Wdeprecated-register]
  426 |   register uint32_t result;
      |   ^~~~~~~~
../Drivers/CMSIS/CM0/Core\core_cmFunc.h(453): warning: 'register' storage class specifier is deprecated and incompatible with C++17 [-Wdeprecated-register]
  453 |   register uint32_t result;
      |   ^~~~~~~~
User/System/System.cpp(2): warning: In file included from...
User/System\variables.hpp(24): warning: In file included from...
./User/Bsp\bsp_usart.hpp(3): error: 'usart.h' file not found
    3 | #include "usart.h"
      |          ^~~~~~~~~
2 warnings and 1 error generated.
compiling System.cpp...
User/System/variables.cpp(1): warning: In file included from...
User/System\variables.hpp(2): warning: In file included from...
../Drivers/CMSIS/HK32F0xxA/Include\hk32f04axxA.h(74): warning: In file included from...
../Drivers/CMSIS/CM0/Core\core_cm0.h(128): warning: In file included from...
../Drivers/CMSIS/CM0/Core\core_cmFunc.h(426): warning: 'register' storage class specifier is deprecated and incompatible with C++17 [-Wdeprecated-register]
  426 |   register uint32_t result;
      |   ^~~~~~~~
../Drivers/CMSIS/CM0/Core\core_cmFunc.h(453): warning: 'register' storage class specifier is deprecated and incompatible with C++17 [-Wdeprecated-register]
  453 |   register uint32_t result;
      |   ^~~~~~~~
User/System/variables.cpp(1): warning: In file included from...
User/System\variables.hpp(24): warning: In file included from...
./User/Bsp\bsp_usart.hpp(3): error: 'usart.h' file not found
    3 | #include "usart.h"
      |          ^~~~~~~~~
2 warnings and 1 error generated.
compiling variables.cpp...
User/Task/A7680_Task.cpp(3): warning: In file included from...
./User/System\variables.hpp(2): warning: In file included from...
../Drivers/CMSIS/HK32F0xxA/Include\hk32f04axxA.h(74): warning: In file included from...
../Drivers/CMSIS/CM0/Core\core_cm0.h(128): warning: In file included from...
../Drivers/CMSIS/CM0/Core\core_cmFunc.h(426): warning: 'register' storage class specifier is deprecated and incompatible with C++17 [-Wdeprecated-register]
  426 |   register uint32_t result;
      |   ^~~~~~~~
../Drivers/CMSIS/CM0/Core\core_cmFunc.h(453): warning: 'register' storage class specifier is deprecated and incompatible with C++17 [-Wdeprecated-register]
  453 |   register uint32_t result;
      |   ^~~~~~~~
User/Task/A7680_Task.cpp(3): warning: In file included from...
./User/System\variables.hpp(24): warning: In file included from...
./User/Bsp\bsp_usart.hpp(3): error: 'usart.h' file not found
    3 | #include "usart.h"
      |          ^~~~~~~~~
2 warnings and 1 error generated.
compiling A7680_Task.cpp...
User/Task/bms_task.cpp(3): warning: In file included from...
./User/System\variables.hpp(2): warning: In file included from...
../Drivers/CMSIS/HK32F0xxA/Include\hk32f04axxA.h(74): warning: In file included from...
../Drivers/CMSIS/CM0/Core\core_cm0.h(128): warning: In file included from...
../Drivers/CMSIS/CM0/Core\core_cmFunc.h(426): warning: 'register' storage class specifier is deprecated and incompatible with C++17 [-Wdeprecated-register]
  426 |   register uint32_t result;
      |   ^~~~~~~~
../Drivers/CMSIS/CM0/Core\core_cmFunc.h(453): warning: 'register' storage class specifier is deprecated and incompatible with C++17 [-Wdeprecated-register]
  453 |   register uint32_t result;
      |   ^~~~~~~~
User/Task/bms_task.cpp(3): warning: In file included from...
./User/System\variables.hpp(24): warning: In file included from...
./User/Bsp\bsp_usart.hpp(3): error: 'usart.h' file not found
    3 | #include "usart.h"
      |          ^~~~~~~~~
2 warnings and 1 error generated.
compiling bms_task.cpp...
User/Task/main_task.cpp(1): warning: In file included from...
User/Task\main_task.hpp(3): warning: In file included from...
./User/System\variables.hpp(2): warning: In file included from...
../Drivers/CMSIS/HK32F0xxA/Include\hk32f04axxA.h(74): warning: In file included from...
../Drivers/CMSIS/CM0/Core\core_cm0.h(128): warning: In file included from...
../Drivers/CMSIS/CM0/Core\core_cmFunc.h(426): warning: 'register' storage class specifier is deprecated and incompatible with C++17 [-Wdeprecated-register]
  426 |   register uint32_t result;
      |   ^~~~~~~~
../Drivers/CMSIS/CM0/Core\core_cmFunc.h(453): warning: 'register' storage class specifier is deprecated and incompatible with C++17 [-Wdeprecated-register]
  453 |   register uint32_t result;
      |   ^~~~~~~~
User/Task/main_task.cpp(1): warning: In file included from...
User/Task\main_task.hpp(3): warning: In file included from...
./User/System\variables.hpp(24): warning: In file included from...
./User/Bsp\bsp_usart.hpp(3): error: 'usart.h' file not found
    3 | #include "usart.h"
      |          ^~~~~~~~~
2 warnings and 1 error generated.
compiling main_task.cpp...
User/Task/stateMachine_Task.cpp(2): warning: In file included from...
./User/System\variables.hpp(2): warning: In file included from...
../Drivers/CMSIS/HK32F0xxA/Include\hk32f04axxA.h(74): warning: In file included from...
../Drivers/CMSIS/CM0/Core\core_cm0.h(128): warning: In file included from...
../Drivers/CMSIS/CM0/Core\core_cmFunc.h(426): warning: 'register' storage class specifier is deprecated and incompatible with C++17 [-Wdeprecated-register]
  426 |   register uint32_t result;
      |   ^~~~~~~~
../Drivers/CMSIS/CM0/Core\core_cmFunc.h(453): warning: 'register' storage class specifier is deprecated and incompatible with C++17 [-Wdeprecated-register]
  453 |   register uint32_t result;
      |   ^~~~~~~~
User/Task/stateMachine_Task.cpp(2): warning: In file included from...
./User/System\variables.hpp(24): warning: In file included from...
./User/Bsp\bsp_usart.hpp(3): error: 'usart.h' file not found
    3 | #include "usart.h"
      |          ^~~~~~~~~
2 warnings and 1 error generated.
compiling stateMachine_Task.cpp...
".\ycbsq2\ycbsq2.axf" - 29 Error(s), 42 Warning(s).

<h2>Software Packages used:</h2>

Package Vendor: HKMicroChip
                http://www.hsxp-hk.com/companyfile/2/HKMicroChip.HK32F0xx_DFP.1.1.1.pack
                HKMicroChip::HK32F0xx_DFP@1.1.1
                HKMicroChip HK32F0 ARM Cortex-M0 Device Family Pack Device Support

<h2>Collection of Component include folders:</h2>

<h2>Collection of Component Files used:</h2>
Target not created.
Build Time Elapsed:  00:00:02
</pre>
</body>
</html>
